0 info it worked if it ends with ok
1 verbose cli [ '/usr/bin/node',
1 verbose cli   '/usr/bin/npm',
1 verbose cli   'uninstall',
1 verbose cli   '--save',
1 verbose cli   'socket.io' ]
2 info using npm@1.4.28
3 info using node@v0.10.33
4 verbose node symlink /usr/bin/node
5 verbose node_modules/socket.io unbuild
6 info preuninstall socket.io@1.2.0
7 info uninstall socket.io@1.2.0
8 verbose true,/home/appcarahk2/desmond/chat/node_modules,/home/appcarahk2/desmond/chat/node_modules unbuild socket.io@1.2.0
9 info postuninstall socket.io@1.2.0
10 error Error: EACCES, unlink '/home/appcarahk2/desmond/chat/node_modules/socket.io/node_modules/engine.io/.npmignore'
10 error  { [Error: EACCES, unlink '/home/appcarahk2/desmond/chat/node_modules/socket.io/node_modules/engine.io/.npmignore']
10 error   errno: 3,
10 error   code: 'EACCES',
10 error   path: '/home/appcarahk2/desmond/chat/node_modules/socket.io/node_modules/engine.io/.npmignore' }
11 error Please try running this command again as root/Administrator.
12 error System Linux 3.8.0-44-generic
13 error command "/usr/bin/node" "/usr/bin/npm" "uninstall" "--save" "socket.io"
14 error cwd /home/appcarahk2/desmond/chat
15 error node -v v0.10.33
16 error npm -v 1.4.28
17 error path /home/appcarahk2/desmond/chat/node_modules/socket.io/node_modules/engine.io/.npmignore
18 error code EACCES
19 error errno 3
20 error stack Error: EACCES, unlink '/home/appcarahk2/desmond/chat/node_modules/socket.io/node_modules/engine.io/.npmignore'
21 verbose exit [ 3, true ]
